<?xml version="1.0" encoding="UTF-8"?>
<TestRun id="4a7c75f1-952c-48cd-acc8-f454c76d501c" name="wba@LT-WBA-MY 2016-09-30 23:00:48" runUser="DK\wba" xmlns="http://microsoft.com/schemas/VisualStudio/TeamTest/2010">
  <TestSettings name="Default Test Settings" id="f5e09fd1-04ba-4cdf-a4cc-c798bf070dd8">
    <Deployment userDeploymentRoot="C:\vs2015\sandbox\UnitTestProject1\UnitTestProject1\bin\Debug" useDefaultDeploymentRoot="false" runDeploymentRoot="wba_LT-WBA-MY 2016-09-30 23_00_48" />
    <Execution>
      <TestTypeSpecific />
      <AgentRule name="Execution Agents">
      </AgentRule>
    </Execution>
    <Properties />
  </TestSettings>
  <Times creation="2016-09-30T23:00:48.8516561+08:00" queuing="2016-09-30T23:00:49.9144397+08:00" start="2016-09-30T23:00:50.0335273+08:00" finish="2016-09-30T23:00:50.6980170+08:00" />
  <ResultSummary outcome="Completed">
    <Counters total="1" executed="1" passed="1" error="0" failed="0" timeout="0" aborted="0" inconclusive="0" passedButRunAborted="0" notRunnable="0" notExecuted="0" disconnected="0" warning="0" completed="0" inProgress="0" pending="0" />
  </ResultSummary>
  <TestDefinitions>
    <UnitTest name="AddTwoNumbers_1" storage="unittestproject1.dll" id="98aea512-4e51-7e07-e00c-9c7ededf0ae2">
      <Description>Add two numbers: 1</Description>
      <Execution id="4c50c141-5682-4e8c-bafd-701a6b8a37cd" />
      <Properties>
        <Property>
          <Key>FeatureTitle</Key>
          <Value>Example With Ignored Scenario Outline</Value>
        </Property>
        <Property>
          <Key>VariantName</Key>
          <Value>1</Value>
        </Property>
        <Property>
          <Key>Parameter:TestCase</Key>
          <Value>1</Value>
        </Property>
      </Properties>
      <TestMethod codeBase="C:/vs2015/sandbox/UnitTestProject1/UnitTestProject1/bin/Debug/UnitTestProject1.dll" adapterTypeName="Microsoft.VisualStudio.TestTools.TestTypes.Unit.UnitTestAdapter, Microsoft.VisualStudio.QualityTools.Tips.UnitTest.Adapter, Version=14.0.0.0, Culture=neutral, PublicKeyToken=b03f5f7f11d50a3a" className="UnitTestProject1.ExampleWithIgnoredScenarioOutlineFeature, UnitTestProject1, Version=1.0.0.0, Culture=neutral, PublicKeyToken=null" name="AddTwoNumbers_1" />
    </UnitTest>
  </TestDefinitions>
  <TestLists>
    <TestList name="Results Not in a List" id="8c84fa94-04c1-424b-9868-57a2d4851a1d" />
    <TestList name="All Loaded Results" id="19431567-8539-422a-85d7-44ee4e166bda" />
  </TestLists>
  <TestEntries>
    <TestEntry testId="98aea512-4e51-7e07-e00c-9c7ededf0ae2" executionId="4c50c141-5682-4e8c-bafd-701a6b8a37cd" testListId="8c84fa94-04c1-424b-9868-57a2d4851a1d" />
  </TestEntries>
  <Results>
    <UnitTestResult executionId="4c50c141-5682-4e8c-bafd-701a6b8a37cd" testId="98aea512-4e51-7e07-e00c-9c7ededf0ae2" testName="AddTwoNumbers_1" computerName="LT-WBA-MY" duration="00:00:00.0430779" startTime="2016-09-30T23:00:50.0665526+08:00" endTime="2016-09-30T23:00:50.6289659+08:00" testType="13cdc9d9-ddb5-4fa4-a97d-d965ccfc6d4b" outcome="Passed" testListId="8c84fa94-04c1-424b-9868-57a2d4851a1d" relativeResultsDirectory="4c50c141-5682-4e8c-bafd-701a6b8a37cd">
      <Output>
        <StdOut>Given I test
-&gt; done: StepDefinition1.GivenITest() (0.0s)</StdOut>
      </Output>
    </UnitTestResult>
  </Results>
</TestRun>