<?xml version="1.0" encoding="UTF-8"?>
<TestRun id="b2c6fb7a-0f07-4dc7-bfc0-6a1f2a1facf0" name="astral@JERUSALEM 2013-08-03 14:04:38" runUser="Jerusalem\astral" xmlns="http://microsoft.com/schemas/VisualStudio/TeamTest/2010">
  <TestSettings name="Default Test Settings" id="b0f24e61-8c65-4ee7-ba59-d3bb2a992953">
    <Deployment userDeploymentRoot="C:\Users\astral\Documents\GitHub\pickles-testresults\TestHarness\MsTest\bin\Debug" useDefaultDeploymentRoot="false" runDeploymentRoot="astral_JERUSALEM 2013-08-03 14_04_38" />
    <Execution>
      <TestTypeSpecific />
      <AgentRule name="Execution Agents">
      </AgentRule>
    </Execution>
  </TestSettings>
  <Times creation="2013-08-03T14:04:38.7357479+02:00" queuing="2013-08-03T14:04:39.3283592+02:00" start="2013-08-03T14:04:39.4607425+02:00" finish="2013-08-03T14:04:40.1836409+02:00" />
  <ResultSummary outcome="Failed">
    <Counters total="1" executed="1" passed="1" error="0" failed="0" timeout="0" aborted="0" inconclusive="0" passedButRunAborted="0" notRunnable="0" notExecuted="0" disconnected="0" warning="0" completed="0" inProgress="0" pending="0" />
  </ResultSummary>
  <TestDefinitions>
    <UnitTest name="FailingFeaturePassingScenario" storage="mstestharness.dll" id="fa1e54c9-cdb0-8bb1-6764-9179c3b61825">
      <Description>Failing Feature Passing Scenario</Description>
      <Execution id="3b576a7d-036b-487b-9fac-6778e15d72b1" />
      <Properties>
        <Property>
          <Key>FeatureTitle</Key>
          <Value>Failing</Value>
        </Property>
      </Properties>
      <TestMethod codeBase="C:/Users/astral/Documents/GitHub/pickles-testresults/TestHarness/MsTest/bin/Debug/MsTestHarness.dll" adapterTypeName="Microsoft.VisualStudio.TestTools.TestTypes.Unit.UnitTestAdapter, Microsoft.VisualStudio.QualityTools.Tips.UnitTest.Adapter, Version=11.0.0.0, Culture=neutral, PublicKeyToken=b03f5f7f11d50a3a" className="Pickles.TestHarness.MsTest.MinimalFeatures.FailingFeature, MsTestHarness, Version=1.0.0.0, Culture=neutral, PublicKeyToken=null" name="FailingFeaturePassingScenario" />
    </UnitTest>
  </TestDefinitions>
  <TestLists>
    <TestList name="Results Not in a List" id="8c84fa94-04c1-424b-9868-57a2d4851a1d" />
    <TestList name="All Loaded Results" id="19431567-8539-422a-85d7-44ee4e166bda" />
  </TestLists>
  <TestEntries>
    <TestEntry testId="fa1e54c9-cdb0-8bb1-6764-9179c3b61825" executionId="3b576a7d-036b-487b-9fac-6778e15d72b1" testListId="8c84fa94-04c1-424b-9868-57a2d4851a1d" />
  </TestEntries>
  <Results>
    <UnitTestResult executionId="3b576a7d-036b-487b-9fac-6778e15d72b1" testId="fa1e54c9-cdb0-8bb1-6764-9179c3b61825" testName="FailingFeaturePassingScenario" computerName="JERUSALEM" duration="00:00:00.0009348" startTime="2013-08-03T14:04:40.0869477+02:00" endTime="2013-08-03T14:04:40.0909542+02:00" testType="13cdc9d9-ddb5-4fa4-a97d-d965ccfc6d4b" outcome="Passed" testListId="8c84fa94-04c1-424b-9868-57a2d4851a1d" relativeResultsDirectory="3b576a7d-036b-487b-9fac-6778e15d72b1">
      <Output>
        <StdOut>Then passing step
-&gt; done: MinimalSteps.ThenPassingStep() (0,0s)</StdOut>
      </Output>
    </UnitTestResult>
  </Results>
</TestRun>