<?xml version="1.0" encoding="UTF-8"?>
<TestRun id="10789669-f60d-4730-85ba-98878ab08e51" name="Dirk@SHUTTLEPC 2016-02-23 17:08:34" runUser="SHUTTLEPC\Dirk" xmlns="http://microsoft.com/schemas/VisualStudio/TeamTest/2010">
    <Times creation="2016-02-23T17:08:34.2990766+01:00" queuing="2016-02-23T17:08:34.2990766+01:00" start="2016-02-23T17:08:34.3030762+01:00" finish="2016-02-23T17:08:35.7281108+01:00" />
    <TestSettings name="default" id="4a52e871-36b7-45c1-9877-a64f6ad276be">
        <Execution>
            <TestTypeSpecific />
        </Execution>
        <Deployment runDeploymentRoot="Dirk_SHUTTLEPC 2016-02-23 17_08_34" />
        <Properties />
    </TestSettings>
    <Results>
        <UnitTestResult executionId="88599dc4-7d1a-4de3-97b3-1a32ce5e9b7e" testId="9fb96cdc-a81e-252c-1a41-7ecd9a592065" testName="TestMethod" computerName="SHUTTLEPC" duration="00:00:00.0000410" startTime="2016-02-23T17:08:33.9965351+01:00" endTime="2016-02-23T17:08:33.9965351+01:00" testType="13cdc9d9-ddb5-4fa4-a97d-d965ccfc6d4b" outcome="Passed" testListId="8c84fa94-04c1-424b-9868-57a2d4851a1d" relativeResultsDirectory="88599dc4-7d1a-4de3-97b3-1a32ce5e9b7e" />
    </Results>
    <TestDefinitions>
        <UnitTest name="TestMethod" storage="c:\dev\code\github\dirkrombauts\pickles-testresults\testharness\mstest\bin\debug\mstestharness.dll" id="9fb96cdc-a81e-252c-1a41-7ecd9a592065">
            <Execution id="88599dc4-7d1a-4de3-97b3-1a32ce5e9b7e" />
            <TestMethod codeBase="C:\Dev\Code\GitHub\DirkRombauts\pickles-testresults\TestHarness\mstest\bin\Debug\mstestHarness.dll" adapterTypeName="Microsoft.VisualStudio.TestTools.TestTypes.Unit.UnitTestAdapter" className="Pickles.TestHarness.MsTest.OrdinaryUnitTest" name="TestMethod" />
        </UnitTest>
    </TestDefinitions>
    <TestEntries>
        <TestEntry testId="9fb96cdc-a81e-252c-1a41-7ecd9a592065" executionId="88599dc4-7d1a-4de3-97b3-1a32ce5e9b7e" testListId="8c84fa94-04c1-424b-9868-57a2d4851a1d" />
    </TestEntries>
    <TestLists>
        <TestList name="Results Not in a List" id="8c84fa94-04c1-424b-9868-57a2d4851a1d" />
        <TestList name="All Loaded Results" id="19431567-8539-422a-85d7-44ee4e166bda" />
    </TestLists>
    <ResultSummary outcome="Failed">
        <Counters total="35" executed="25" passed="17" failed="8" error="0" timeout="0" aborted="0" inconclusive="0" passedButRunAborted="0" notRunnable="0" notExecuted="0" disconnected="0" warning="0" completed="0" inProgress="0" pending="0" />
        <Output>
            <StdOut>Test 'IgnoredAddingTwoNumbers' was skipped in the test run.Test 'NotAutomatedAddingTwoNumbers' was skipped in the test run.Test 'NotAutomatedScenario1' was skipped in the test run.Test 'NotAutomatedScenario2' was skipped in the test run.Test 'NotAutomatedScenario3' was skipped in the test run.Test 'ThisIsAScenarioOutlineWhereOneScenarioIsInconclusive_Inconclusive_1' was skipped in the test run.Test 'AndWeCanGoTotallyBonkersWithMultipleExampleSections__ExampleSet1_Inconclusive_1' was skipped in the test run.Test 'AndWeCanGoTotallyBonkersWithMultipleExampleSections__ExampleSet1_Inconclusive_2' was skipped in the test run.Test 'FailingFeatureInconclusiveScenario' was skipped in the test run.Test 'InconclusiveFeatureInconclusiveScenario' was skipped in the test run.</StdOut>
        </Output>
    </ResultSummary>
</TestRun>